[2026-02-16 17:34:49] [INFO] ==========================================
[2026-02-16 17:34:49] [INFO] Starting daily backup
[2026-02-16 17:34:49] [INFO] Mode: Quick backup only
[2026-02-16 17:34:49] [INFO] ==========================================
[2026-02-16 17:34:49] [INFO] Created critical backup directory
[2026-02-16 17:34:49] [INFO] Backing up critical files...
[2026-02-16 17:34:49] [INFO] Backed up: MEMORY.md
[2026-02-16 17:34:49] [INFO] Backed up: IDENTITY.md
[2026-02-16 17:34:49] [INFO] Backed up: SOUL.md
[2026-02-16 17:34:49] [INFO] Backed up: USER.md
[2026-02-16 17:34:49] [INFO] Backed up: HEARTBEAT.md
[2026-02-16 17:34:49] [INFO] Critical files backup completed
[2026-02-16 17:34:49] [INFO] ==========================================
[2026-02-16 17:34:49] [INFO] Daily backup task completed
[2026-02-16 17:34:49] [INFO] Critical backup: D:\critical-backup
[2026-02-16 17:34:49] [INFO] ==========================================
[2026-02-16 17:50:47] [INFO] ==========================================
[2026-02-16 17:50:47] [INFO] Starting daily backup
[2026-02-16 17:50:47] [INFO] Mode: Full backup
[2026-02-16 17:50:47] [INFO] ==========================================
[2026-02-16 17:50:47] [INFO] Backing up critical files...
[2026-02-16 17:50:47] [INFO] Backed up: MEMORY.md
[2026-02-16 17:50:47] [INFO] Backed up: IDENTITY.md
[2026-02-16 17:50:47] [INFO] Backed up: SOUL.md
[2026-02-16 17:50:47] [INFO] Backed up: USER.md
[2026-02-16 17:50:47] [INFO] Backed up: HEARTBEAT.md
[2026-02-16 17:50:47] [INFO] Critical files backup completed
[2026-02-16 17:50:47] [INFO] Starting full backup to D:\\backup-2026-02-16...
[2026-02-16 17:50:47] [INFO] Backed up workspace directory
[2026-02-16 17:50:47] [INFO] Full backup completed
[2026-02-16 17:50:47] [INFO] Cleaning backups older than 30 days...
[2026-02-16 17:50:47] [INFO] Cleanup completed, deleted 0 old backups
[2026-02-16 17:50:47] [INFO] Pushing to GitHub...
[2026-02-16 17:50:47] [INFO] GitHub push completed
[2026-02-16 17:50:47] [INFO] ==========================================
[2026-02-16 17:50:47] [INFO] Daily backup task completed
[2026-02-16 17:50:47] [INFO] Critical backup: D:\critical-backup
[2026-02-16 17:50:47] [INFO] Daily backup: D:\\backup-2026-02-16
[2026-02-16 17:50:47] [INFO] ==========================================
[2026-02-18 11:38:35] [INFO] ==========================================
[2026-02-18 11:38:35] [INFO] Starting daily backup
[2026-02-18 11:38:35] [INFO] Mode: Full backup
[2026-02-18 11:38:35] [INFO] ==========================================
[2026-02-18 11:38:35] [INFO] Backing up critical files...
[2026-02-18 11:38:35] [INFO] Backed up: MEMORY.md
[2026-02-18 11:38:35] [INFO] Backed up: IDENTITY.md
[2026-02-18 11:38:35] [INFO] Backed up: SOUL.md
[2026-02-18 11:38:35] [INFO] Backed up: USER.md
[2026-02-18 11:38:35] [INFO] Backed up: HEARTBEAT.md
[2026-02-18 11:38:35] [INFO] Critical files backup completed
[2026-02-18 11:38:35] [INFO] Starting full backup to D:\\backup-2026-02-18...
[2026-02-18 11:38:35] [INFO] Backed up workspace directory
[2026-02-18 11:38:35] [INFO] Full backup completed
[2026-02-18 11:38:35] [INFO] Cleaning backups older than 30 days...
[2026-02-18 11:38:35] [INFO] Cleanup completed, deleted 0 old backups
[2026-02-18 11:38:35] [INFO] Pushing to GitHub...
[2026-02-18 11:38:35] [INFO] GitHub push completed
[2026-02-18 11:38:35] [INFO] ==========================================
[2026-02-18 11:38:35] [INFO] Daily backup task completed
[2026-02-18 11:38:35] [INFO] Critical backup: D:\critical-backup
[2026-02-18 11:38:35] [INFO] Daily backup: D:\\backup-2026-02-18
[2026-02-18 11:38:35] [INFO] ==========================================
