2026-02-15 22:35:24,272 - INFO - [DataSync] 日志文件: logs\sync_20260215_223524.log
2026-02-15 22:35:24,274 - INFO - [DataSync] ============================================================
2026-02-15 22:35:24,274 - INFO - [DataSync] 开始数据同步 - 日期: 2026-02-14
2026-02-15 22:35:24,274 - INFO - [DataSync] ============================================================
2026-02-15 22:35:24,275 - INFO - [DataSync] 开始: 数据获取
2026-02-15 22:35:24,275 - INFO - [DataSync] 开始: 数据获取
2026-02-15 22:35:24,275 - INFO - [DataSync] 从API获取数据: https://api.example.com/data1
2026-02-15 22:35:24,778 - INFO - [DataSync] 获取到 100 条记录
2026-02-15 22:35:24,778 - INFO - [DataSync] 从API获取数据: https://api.example.com/data2
2026-02-15 22:35:25,280 - INFO - [DataSync] 获取到 100 条记录
2026-02-15 22:35:25,282 - INFO - [DataSync] 完成: 数据获取 (耗时: 1.01s)
2026-02-15 22:35:25,282 - INFO - [DataSync] 数据获取完成，共 200 条记录
2026-02-15 22:35:25,282 - INFO - [DataSync] 完成: 数据获取 (耗时: 1.01s)
2026-02-15 22:35:25,283 - INFO - [DataSync] 开始: 数据转换
2026-02-15 22:35:25,283 - INFO - [DataSync] 开始数据转换...
2026-02-15 22:35:25,284 - INFO - [DataSync] 数据转换完成: 200/200 条
2026-02-15 22:35:25,285 - INFO - [DataSync] 完成: 数据转换 (耗时: 0.00s)
2026-02-15 22:35:25,285 - INFO - [DataSync] 开始: 数据库写入
2026-02-15 22:35:25,285 - INFO - [DataSync] 开始批量写入数据库，批大小: 1000
2026-02-15 22:35:25,385 - INFO - [DataSync] 数据库写入完成: 200 条
2026-02-15 22:35:25,386 - INFO - [DataSync] 完成: 数据库写入 (耗时: 0.10s)
2026-02-15 22:35:25,386 - INFO - [DataSync] ✅ 数据同步成功完成
2026-02-15 22:35:25,387 - INFO - [DataSync] JSON报告已保存: output\sync_report_2026-02-14.json
2026-02-15 22:35:25,388 - INFO - [DataSync] CSV摘要已保存: output\sync_summary_2026-02-14.csv
2026-02-15 22:35:25,393 - INFO - [DataSync] 通知消息:
【数据同步】✅ 成功
日期: 2026-02-14
总记录: 200
成功率: 100.00%
耗时: 1.11秒
